[2025-06-16 11:35:58,632][__main__][INFO] - 🧼 Starting data preprocessing step
[2025-06-16 11:35:58,633][root][INFO] - Downloading MNIST from Keras...
[2025-06-16 11:35:58,931][root][INFO] - Saved raw data to data/raw
[2025-06-16 11:35:58,931][root][INFO] - Validating input data...
[2025-06-16 11:35:58,979][root][INFO] - Data validation passed.
[2025-06-16 11:35:58,979][root][INFO] - Validating input data...
[2025-06-16 11:35:58,986][root][INFO] - Data validation passed.
[2025-06-16 11:35:58,986][src.data_preprocess.data_preprocessing][INFO] - Starting preprocessing pipeline...
[2025-06-16 11:35:58,986][src.data_preprocess.data_preprocessing][INFO] - Normalizing image pixel values to range [0, 1]
[2025-06-16 11:35:59,150][src.data_preprocess.data_preprocessing][INFO] - Reshaping images to shape: (-1, 28, 28, 1)
[2025-06-16 11:35:59,151][src.data_preprocess.data_preprocessing][INFO] - One-hot encoding labels
[2025-06-16 11:35:59,160][src.data_preprocess.data_preprocessing][INFO] - Preprocessing complete.
[2025-06-16 11:35:59,161][src.data_preprocess.data_preprocessing][INFO] - Starting preprocessing pipeline...
[2025-06-16 11:35:59,161][src.data_preprocess.data_preprocessing][INFO] - Normalizing image pixel values to range [0, 1]
[2025-06-16 11:35:59,169][src.data_preprocess.data_preprocessing][INFO] - Reshaping images to shape: (-1, 28, 28, 1)
[2025-06-16 11:35:59,169][src.data_preprocess.data_preprocessing][INFO] - One-hot encoding labels
[2025-06-16 11:35:59,170][src.data_preprocess.data_preprocessing][INFO] - Preprocessing complete.
[2025-06-16 11:35:59,170][src.data_preprocess.data_preprocessing][INFO] - Saving preprocessed train data to: data/processed/
[2025-06-16 11:35:59,242][src.data_preprocess.data_preprocessing][INFO] - Images saved to: data/processed/train_images.npy
[2025-06-16 11:35:59,242][src.data_preprocess.data_preprocessing][INFO] - Labels saved to: data/processed/train_labels.npy
[2025-06-16 11:35:59,242][src.data_preprocess.data_preprocessing][INFO] - Saving preprocessed test data to: data/processed/
[2025-06-16 11:35:59,265][src.data_preprocess.data_preprocessing][INFO] - Images saved to: data/processed/test_images.npy
[2025-06-16 11:35:59,265][src.data_preprocess.data_preprocessing][INFO] - Labels saved to: data/processed/test_labels.npy
[2025-06-16 11:35:59,265][__main__][INFO] - ✅ Preprocessing complete and data saved.
